<?xml version="1.0" encoding="UTF-8"?>
<!-- Generated by org.testng.reporters.JUnitXMLReporter -->
<testsuite ignored="0" hostname="LT-QA-MLBRIONES" failures="2" tests="12" name="Login Module Tests" time="27.741" errors="0" timestamp="2026-06-18T17:18:02 PST">
  <testcase classname="com.wms.tests.login.LoginTest" name="testEmptyFieldsValidation" time="1.94"/>
  <testcase classname="com.wms.tests.login.LoginTest" name="testInvalidPassword" time="1.938"/>
  <testcase classname="com.wms.tests.login.LoginTest" name="testInvalidUsername" time="1.939"/>
  <testcase classname="com.wms.tests.login.LoginTest" name="testLoginPageLoads" time="0.114"/>
  <testcase classname="com.wms.tests.login.LoginTest" name="testSuccessfulLogin" time="1.228">
    <failure type="java.lang.AssertionError" message="[Should redirect away from login page on success] 
Expecting value to be true but was false">
      <![CDATA[java.lang.AssertionError: [Should redirect away from login page on success] 
Expecting value to be true but was false
at com.wms.tests.login.LoginTest.testSuccessfulLogin(LoginTest.java:56)
at java.base/java.util.concurrent.Executors$RunnableAdapter.call(Executors.java:545)
at java.base/java.util.concurrent.FutureTask.run(FutureTask.java:330)
at java.base/java.util.concurrent.ThreadPoolExecutor.runWorker(ThreadPoolExecutor.java:1090)
at java.base/java.util.concurrent.ThreadPoolExecutor$Worker.run(ThreadPoolExecutor.java:614)
at java.base/java.lang.Thread.run(Thread.java:1516)
... Removed 11 stack frames]]>
    </failure>
  </testcase> <!-- testSuccessfulLogin -->
  <testcase classname="com.wms.tests.login.LoginTest" name="testEmptyFieldsValidation" time="1.257"/>
  <testcase classname="com.wms.tests.login.LoginTest" name="testSuccessfulLoginRedirect" time="0.861">
    <failure type="java.lang.AssertionError" message="[Should redirect away from login on success] 
Expecting value to be true but was false">
      <![CDATA[java.lang.AssertionError: [Should redirect away from login on success] 
Expecting value to be true but was false
at com.wms.tests.login.LoginTest.testSuccessfulLoginRedirect(LoginTest.java:131)
at java.base/java.util.concurrent.Executors$RunnableAdapter.call(Executors.java:545)
at java.base/java.util.concurrent.FutureTask.run(FutureTask.java:330)
at java.base/java.util.concurrent.ThreadPoolExecutor.runWorker(ThreadPoolExecutor.java:1090)
at java.base/java.util.concurrent.ThreadPoolExecutor$Worker.run(ThreadPoolExecutor.java:614)
at java.base/java.lang.Thread.run(Thread.java:1516)
... Removed 11 stack frames]]>
    </failure>
  </testcase> <!-- testSuccessfulLoginRedirect -->
  <testcase classname="com.wms.tests.login.LoginTest" name="testEmptyFieldsValidation" time="0.703"/>
  <testcase classname="com.wms.tests.login.LoginTest" name="testEmptyFieldsValidation" time="0.538"/>
  <testcase classname="com.wms.tests.login.LoginTest" name="testEmptyFieldsValidation" time="0.55"/>
  <testcase classname="com.wms.tests.login.LoginTest" name="testEmptyFieldsValidation" time="0.6"/>
  <testcase classname="com.wms.tests.login.LoginTest" name="testEmptyFieldsValidation" time="1.101"/>
</testsuite> <!-- Login Module Tests -->
