<?xml version="1.0" encoding="UTF-8"?>
<testsuite xmlns:xsi="http://www.w3.org/2001/XMLSchema-instance" xsi:noNamespaceSchemaLocation="https://maven.apache.org/surefire/maven-surefire-plugin/xsd/surefire-test-report.xsd" version="3.0.2" name="TestSuite" time="31.772" tests="12" errors="0" skipped="0" failures="2">
  <properties>
[...]
</properties>
  <testcase name="testInvalidPassword" classname="com.wms.tests.login.LoginTest" time="1.962">
    <system-out><![CDATA[...
... TestNG 7.10.2 by Cédric Beust (cedric@beust.com)
...

17:17:34.672 [main] INFO  com.wms.tests.login.LoginTest - ========================================
17:17:34.681 [main] INFO  com.wms.tests.login.LoginTest - WMS Automation Test Suite
17:17:34.702 [main] INFO  com.wms.utils.ConfigReader - Loaded 12 properties from config.properties
17:17:34.703 [main] INFO  com.wms.tests.login.LoginTest - Browser: chrome
17:17:34.704 [main] INFO  com.wms.tests.login.LoginTest - URL: https://pg-wms.1gotech.com/index.php?r=site/login
17:17:34.704 [main] INFO  com.wms.tests.login.LoginTest - ========================================
17:17:34.814 [TestNG-test-Login Module Tests-3] INFO  com.wms.tests.login.LoginTest - --- Starting test: testInvalidUsername
17:17:34.814 [TestNG-test-Login Module Tests-2] INFO  com.wms.tests.login.LoginTest - --- Starting test: testInvalidPassword
17:17:34.814 [TestNG-test-Login Module Tests-1] INFO  com.wms.tests.login.LoginTest - --- Starting test: testEmptyFieldsValidation
17:17:34.817 [TestNG-test-Login Module Tests-1] INFO  com.wms.utils.WebDriverFactory - Creating chrome WebDriver (headless: false)
17:17:34.817 [TestNG-test-Login Module Tests-3] INFO  com.wms.utils.WebDriverFactory - Creating chrome WebDriver (headless: false)
17:17:34.817 [TestNG-test-Login Module Tests-2] INFO  com.wms.utils.WebDriverFactory - Creating chrome WebDriver (headless: false)
17:17:42.642 [TestNG-test-Login Module Tests-1] INFO  com.wms.pages.login.LoginPage - Typed '' into By.id: LoginForm_company
17:17:42.746 [TestNG-test-Login Module Tests-2] INFO  com.wms.pages.login.LoginPage - Typed '******' into By.id: LoginForm_company
17:17:42.747 [TestNG-test-Login Module Tests-3] INFO  com.wms.pages.login.LoginPage - Typed '******' into By.id: LoginForm_company
17:17:42.915 [TestNG-test-Login Module Tests-1] INFO  com.wms.pages.login.LoginPage - Typed '' into By.id: LoginForm_username
17:17:42.979 [TestNG-test-Login Module Tests-2] INFO  com.wms.pages.login.LoginPage - Typed '******' into By.id: LoginForm_username
17:17:43.014 [TestNG-test-Login Module Tests-3] INFO  com.wms.pages.login.LoginPage - Typed '******' into By.id: LoginForm_username
17:17:43.100 [TestNG-test-Login Module Tests-1] INFO  com.wms.pages.login.LoginPage - Typed '' into By.id: LoginForm_password
17:17:43.181 [TestNG-test-Login Module Tests-2] INFO  com.wms.pages.login.LoginPage - Typed '******' into By.id: LoginForm_password
17:17:43.210 [TestNG-test-Login Module Tests-3] INFO  com.wms.pages.login.LoginPage - Typed '******' into By.id: LoginForm_password
17:17:43.375 [TestNG-test-Login Module Tests-1] INFO  com.wms.pages.login.LoginPage - Clicked By.cssSelector: input[value='Sign me in'] (attempt 1)
17:17:43.403 [TestNG-test-Login Module Tests-2] INFO  com.wms.pages.login.LoginPage - Clicked By.cssSelector: input[value='Sign me in'] (attempt 1)
17:17:43.445 [TestNG-test-Login Module Tests-3] INFO  com.wms.pages.login.LoginPage - Clicked By.cssSelector: input[value='Sign me in'] (attempt 1)
]]></system-out>
    <system-err><![CDATA[SLF4J(W): No SLF4J providers were found.
SLF4J(W): Defaulting to no-operation (NOP) logger implementation
SLF4J(W): See https://www.slf4j.org/codes.html#noProviders for further details.
Jun 18, 2026 5:17:40 PM org.openqa.selenium.devtools.CdpVersionFinder findNearestMatch
WARNING: Unable to find CDP implementation matching 149
Jun 18, 2026 5:17:40 PM org.openqa.selenium.devtools.CdpVersionFinder findNearestMatch
WARNING: Unable to find CDP implementation matching 149
Jun 18, 2026 5:17:40 PM org.openqa.selenium.devtools.CdpVersionFinder findNearestMatch
WARNING: Unable to find CDP implementation matching 149
Jun 18, 2026 5:17:40 PM org.openqa.selenium.chromium.ChromiumDriver lambda$new$5
WARNING: Unable to find version of CDP to use for 149.0.7827.155. You may need to include a dependency on a specific version of the CDP using something similar to `org.seleniumhq.selenium:selenium-devtools-v86:4.27.0` where the version ("v86") matches the version of the chromium-based browser you're using and the version number of the artifact is the same as Selenium's.
Jun 18, 2026 5:17:40 PM org.openqa.selenium.chromium.ChromiumDriver lambda$new$5
WARNING: Unable to find version of CDP to use for 149.0.7827.155. You may need to include a dependency on a specific version of the CDP using something similar to `org.seleniumhq.selenium:selenium-devtools-v86:4.27.0` where the version ("v86") matches the version of the chromium-based browser you're using and the version number of the artifact is the same as Selenium's.
Jun 18, 2026 5:17:40 PM org.openqa.selenium.chromium.ChromiumDriver lambda$new$5
WARNING: Unable to find version of CDP to use for 149.0.7827.155. You may need to include a dependency on a specific version of the CDP using something similar to `org.seleniumhq.selenium:selenium-devtools-v86:4.27.0` where the version ("v86") matches the version of the chromium-based browser you're using and the version number of the artifact is the same as Selenium's.
]]></system-err>
  </testcase>
  <testcase name="testInvalidUsername" classname="com.wms.tests.login.LoginTest" time="1.976"/>
  <testcase name="testEmptyFieldsValidation[, , , Account Name cannot be blank.](1)" classname="com.wms.tests.login.LoginTest" time="1.977"/>
  <testcase name="testLoginPageLoads" classname="com.wms.tests.login.LoginTest" time="0.113">
    <system-out><![CDATA[17:17:43.970 [TestNG-test-Login Module Tests-3] INFO  com.wms.tests.login.LoginTest - Test PASSED: testInvalidUsername
17:17:43.970 [TestNG-test-Login Module Tests-2] INFO  com.wms.tests.login.LoginTest - Test PASSED: testInvalidPassword
17:17:43.970 [TestNG-test-Login Module Tests-1] INFO  com.wms.tests.login.LoginTest - Test PASSED: testEmptyFieldsValidation
17:17:44.411 [TestNG-test-Login Module Tests-1] INFO  com.wms.utils.WebDriverFactory - WebDriver quit successfully
17:17:44.411 [TestNG-test-Login Module Tests-3] INFO  com.wms.utils.WebDriverFactory - WebDriver quit successfully
17:17:44.416 [TestNG-test-Login Module Tests-1] INFO  com.wms.tests.login.LoginTest - --- Starting test: testEmptyFieldsValidation
17:17:44.416 [TestNG-test-Login Module Tests-1] INFO  com.wms.utils.WebDriverFactory - Creating chrome WebDriver (headless: false)
17:17:44.417 [TestNG-test-Login Module Tests-3] INFO  com.wms.tests.login.LoginTest - --- Starting test: testLoginPageLoads
17:17:44.417 [TestNG-test-Login Module Tests-3] INFO  com.wms.utils.WebDriverFactory - Creating chrome WebDriver (headless: false)
17:17:44.553 [TestNG-test-Login Module Tests-2] INFO  com.wms.utils.WebDriverFactory - WebDriver quit successfully
17:17:44.560 [TestNG-test-Login Module Tests-2] INFO  com.wms.tests.login.LoginTest - --- Starting test: testSuccessfulLogin
17:17:44.561 [TestNG-test-Login Module Tests-2] INFO  com.wms.utils.WebDriverFactory - Creating chrome WebDriver (headless: false)
]]></system-out>
    <system-err><![CDATA[Jun 18, 2026 5:17:46 PM org.openqa.selenium.devtools.CdpVersionFinder findNearestMatch
WARNING: Unable to find CDP implementation matching 149
Jun 18, 2026 5:17:46 PM org.openqa.selenium.chromium.ChromiumDriver lambda$new$5
WARNING: Unable to find version of CDP to use for 149.0.7827.155. You may need to include a dependency on a specific version of the CDP using something similar to `org.seleniumhq.selenium:selenium-devtools-v86:4.27.0` where the version ("v86") matches the version of the chromium-based browser you're using and the version number of the artifact is the same as Selenium's.
Jun 18, 2026 5:17:46 PM org.openqa.selenium.devtools.CdpVersionFinder findNearestMatch
WARNING: Unable to find CDP implementation matching 149
Jun 18, 2026 5:17:46 PM org.openqa.selenium.chromium.ChromiumDriver lambda$new$5
WARNING: Unable to find version of CDP to use for 149.0.7827.155. You may need to include a dependency on a specific version of the CDP using something similar to `org.seleniumhq.selenium:selenium-devtools-v86:4.27.0` where the version ("v86") matches the version of the chromium-based browser you're using and the version number of the artifact is the same as Selenium's.
Jun 18, 2026 5:17:46 PM org.openqa.selenium.devtools.CdpVersionFinder findNearestMatch
WARNING: Unable to find CDP implementation matching 149
Jun 18, 2026 5:17:46 PM org.openqa.selenium.chromium.ChromiumDriver lambda$new$5
WARNING: Unable to find version of CDP to use for 149.0.7827.155. You may need to include a dependency on a specific version of the CDP using something similar to `org.seleniumhq.selenium:selenium-devtools-v86:4.27.0` where the version ("v86") matches the version of the chromium-based browser you're using and the version number of the artifact is the same as Selenium's.
]]></system-err>
  </testcase>
  <testcase name="testSuccessfulLogin" classname="com.wms.tests.login.LoginTest" time="1.246">
    <failure message="[Should redirect away from login page on success] &#10;Expecting value to be true but was false" type="java.lang.AssertionError"><![CDATA[java.lang.AssertionError: 
[Should redirect away from login page on success] 
Expecting value to be true but was false
	at com.wms.tests.login.LoginTest.testSuccessfulLogin(LoginTest.java:56)
	at java.base/jdk.internal.reflect.DirectMethodHandleAccessor.invoke(DirectMethodHandleAccessor.java:104)
	at java.base/java.lang.reflect.Method.invoke(Method.java:565)
	at org.testng.internal.invokers.MethodInvocationHelper.invokeMethod(MethodInvocationHelper.java:141)
	at org.testng.internal.invokers.TestInvoker.invokeMethod(TestInvoker.java:686)
	at org.testng.internal.invokers.TestInvoker.invokeTestMethod(TestInvoker.java:230)
	at org.testng.internal.invokers.MethodRunner.runInSequence(MethodRunner.java:63)
	at org.testng.internal.invokers.TestInvoker$MethodInvocationAgent.invoke(TestInvoker.java:992)
	at org.testng.internal.invokers.TestInvoker.invokeTestMethods(TestInvoker.java:203)
	at org.testng.internal.invokers.TestMethodWorker.invokeTestMethods(TestMethodWorker.java:154)
	at org.testng.internal.invokers.TestMethodWorker.run(TestMethodWorker.java:134)
	at java.base/java.util.concurrent.Executors$RunnableAdapter.call(Executors.java:545)
	at java.base/java.util.concurrent.FutureTask.run(FutureTask.java:330)
	at org.testng.internal.thread.graph.TestNGFutureTask.run(TestNGFutureTask.java:22)
	at java.base/java.util.concurrent.ThreadPoolExecutor.runWorker(ThreadPoolExecutor.java:1090)
	at java.base/java.util.concurrent.ThreadPoolExecutor$Worker.run(ThreadPoolExecutor.java:614)
	at java.base/java.lang.Thread.run(Thread.java:1516)
]]></failure>
    <system-out><![CDATA[17:17:47.399 [TestNG-test-Login Module Tests-3] INFO  com.wms.tests.login.LoginTest - Test PASSED: testLoginPageLoads
17:17:47.671 [TestNG-test-Login Module Tests-1] INFO  com.wms.pages.login.LoginPage - Typed '******' into By.id: LoginForm_company
17:17:47.679 [TestNG-test-Login Module Tests-2] INFO  com.wms.pages.login.LoginPage - Typed '******' into By.id: LoginForm_company
17:17:47.955 [TestNG-test-Login Module Tests-3] INFO  com.wms.utils.WebDriverFactory - WebDriver quit successfully
17:17:47.963 [TestNG-test-Login Module Tests-2] INFO  com.wms.pages.login.LoginPage - Typed '******' into By.id: LoginForm_username
17:17:47.964 [TestNG-test-Login Module Tests-3] INFO  com.wms.tests.login.LoginTest - --- Starting test: testSuccessfulLoginRedirect
17:17:47.965 [TestNG-test-Login Module Tests-3] INFO  com.wms.utils.WebDriverFactory - Creating chrome WebDriver (headless: false)
17:17:47.984 [TestNG-test-Login Module Tests-1] INFO  com.wms.pages.login.LoginPage - Typed '' into By.id: LoginForm_username
17:17:48.188 [TestNG-test-Login Module Tests-1] INFO  com.wms.pages.login.LoginPage - Typed '' into By.id: LoginForm_password
17:17:48.203 [TestNG-test-Login Module Tests-2] INFO  com.wms.pages.login.LoginPage - Typed '******' into By.id: LoginForm_password
17:17:48.447 [TestNG-test-Login Module Tests-2] INFO  com.wms.pages.login.LoginPage - Clicked By.cssSelector: input[value='Sign me in'] (attempt 1)
17:17:48.465 [TestNG-test-Login Module Tests-1] INFO  com.wms.pages.login.LoginPage - Clicked By.cssSelector: input[value='Sign me in'] (attempt 1)
]]></system-out>
  </testcase>
  <testcase name="testEmptyFieldsValidation[ValidCo, , , Username cannot be blank.](2)" classname="com.wms.tests.login.LoginTest" time="1.253">
    <system-out><![CDATA[17:17:48.531 [TestNG-test-Login Module Tests-2] ERROR com.wms.tests.login.LoginTest - Test FAILED: testSuccessfulLogin
]]></system-out>
  </testcase>
  <testcase name="testSuccessfulLoginRedirect" classname="com.wms.tests.login.LoginTest" time="0.865">
    <failure message="[Should redirect away from login on success] &#10;Expecting value to be true but was false" type="java.lang.AssertionError"><![CDATA[java.lang.AssertionError: 
[Should redirect away from login on success] 
Expecting value to be true but was false
	at com.wms.tests.login.LoginTest.testSuccessfulLoginRedirect(LoginTest.java:131)
	at java.base/jdk.internal.reflect.DirectMethodHandleAccessor.invoke(DirectMethodHandleAccessor.java:104)
	at java.base/java.lang.reflect.Method.invoke(Method.java:565)
	at org.testng.internal.invokers.MethodInvocationHelper.invokeMethod(MethodInvocationHelper.java:141)
	at org.testng.internal.invokers.TestInvoker.invokeMethod(TestInvoker.java:686)
	at org.testng.internal.invokers.TestInvoker.invokeTestMethod(TestInvoker.java:230)
	at org.testng.internal.invokers.MethodRunner.runInSequence(MethodRunner.java:63)
	at org.testng.internal.invokers.TestInvoker$MethodInvocationAgent.invoke(TestInvoker.java:992)
	at org.testng.internal.invokers.TestInvoker.invokeTestMethods(TestInvoker.java:203)
	at org.testng.internal.invokers.TestMethodWorker.invokeTestMethods(TestMethodWorker.java:154)
	at org.testng.internal.invokers.TestMethodWorker.run(TestMethodWorker.java:134)
	at java.base/java.util.concurrent.Executors$RunnableAdapter.call(Executors.java:545)
	at java.base/java.util.concurrent.FutureTask.run(FutureTask.java:330)
	at org.testng.internal.thread.graph.TestNGFutureTask.run(TestNGFutureTask.java:22)
	at java.base/java.util.concurrent.ThreadPoolExecutor.runWorker(ThreadPoolExecutor.java:1090)
	at java.base/java.util.concurrent.ThreadPoolExecutor$Worker.run(ThreadPoolExecutor.java:614)
	at java.base/java.lang.Thread.run(Thread.java:1516)
]]></failure>
    <system-out><![CDATA[17:17:48.539 [TestNG-test-Login Module Tests-1] INFO  com.wms.tests.login.LoginTest - Test PASSED: testEmptyFieldsValidation
17:17:49.405 [TestNG-test-Login Module Tests-1] INFO  com.wms.utils.WebDriverFactory - WebDriver quit successfully
17:17:49.410 [TestNG-test-Login Module Tests-1] INFO  com.wms.tests.login.LoginTest - --- Starting test: testEmptyFieldsValidation
17:17:49.411 [TestNG-test-Login Module Tests-1] INFO  com.wms.utils.WebDriverFactory - Creating chrome WebDriver (headless: false)
17:17:49.712 [TestNG-test-Login Module Tests-2] INFO  com.wms.utils.WebDriverFactory - WebDriver quit successfully
17:17:50.780 [TestNG-test-Login Module Tests-3] INFO  com.wms.pages.login.LoginPage - Typed '******' into By.id: LoginForm_company
17:17:50.924 [TestNG-test-Login Module Tests-3] INFO  com.wms.pages.login.LoginPage - Typed '******' into By.id: LoginForm_username
17:17:51.113 [TestNG-test-Login Module Tests-3] INFO  com.wms.pages.login.LoginPage - Typed '******' into By.id: LoginForm_password
17:17:51.285 [TestNG-test-Login Module Tests-3] INFO  com.wms.pages.login.LoginPage - Clicked By.cssSelector: input[value='Sign me in'] (attempt 1)
]]></system-out>
    <system-err><![CDATA[Jun 18, 2026 5:17:49 PM org.openqa.selenium.devtools.CdpVersionFinder findNearestMatch
WARNING: Unable to find CDP implementation matching 149
Jun 18, 2026 5:17:49 PM org.openqa.selenium.chromium.ChromiumDriver lambda$new$5
WARNING: Unable to find version of CDP to use for 149.0.7827.155. You may need to include a dependency on a specific version of the CDP using something similar to `org.seleniumhq.selenium:selenium-devtools-v86:4.27.0` where the version ("v86") matches the version of the chromium-based browser you're using and the version number of the artifact is the same as Selenium's.
Jun 18, 2026 5:17:50 PM org.openqa.selenium.devtools.CdpVersionFinder findNearestMatch
WARNING: Unable to find CDP implementation matching 149
Jun 18, 2026 5:17:50 PM org.openqa.selenium.chromium.ChromiumDriver lambda$new$5
WARNING: Unable to find version of CDP to use for 149.0.7827.155. You may need to include a dependency on a specific version of the CDP using something similar to `org.seleniumhq.selenium:selenium-devtools-v86:4.27.0` where the version ("v86") matches the version of the chromium-based browser you're using and the version number of the artifact is the same as Selenium's.
]]></system-err>
  </testcase>
  <testcase name="testEmptyFieldsValidation[ValidCo, validUser, , Password cannot be blank.](3)" classname="com.wms.tests.login.LoginTest" time="0.706">
    <system-out><![CDATA[17:17:51.310 [TestNG-test-Login Module Tests-3] ERROR com.wms.tests.login.LoginTest - Test FAILED: testSuccessfulLoginRedirect
17:17:51.710 [TestNG-test-Login Module Tests-3] INFO  com.wms.utils.WebDriverFactory - WebDriver quit successfully
17:17:51.745 [TestNG-test-Login Module Tests-1] INFO  com.wms.pages.login.LoginPage - Typed '******' into By.id: LoginForm_company
17:17:51.886 [TestNG-test-Login Module Tests-1] INFO  com.wms.pages.login.LoginPage - Typed '******' into By.id: LoginForm_username
17:17:51.997 [TestNG-test-Login Module Tests-1] INFO  com.wms.pages.login.LoginPage - Typed '' into By.id: LoginForm_password
17:17:52.128 [TestNG-test-Login Module Tests-1] INFO  com.wms.pages.login.LoginPage - Clicked By.cssSelector: input[value='Sign me in'] (attempt 1)
]]></system-out>
  </testcase>
  <testcase name="testEmptyFieldsValidation[, validUser, validPass, Account Name cannot be blank.](4)" classname="com.wms.tests.login.LoginTest" time="0.541">
    <system-out><![CDATA[17:17:52.172 [TestNG-test-Login Module Tests-1] INFO  com.wms.tests.login.LoginTest - Test PASSED: testEmptyFieldsValidation
17:17:52.406 [TestNG-test-Login Module Tests-1] INFO  com.wms.utils.WebDriverFactory - WebDriver quit successfully
17:17:52.411 [TestNG-test-Login Module Tests-1] INFO  com.wms.tests.login.LoginTest - --- Starting test: testEmptyFieldsValidation
17:17:52.411 [TestNG-test-Login Module Tests-1] INFO  com.wms.utils.WebDriverFactory - Creating chrome WebDriver (headless: false)
17:17:54.278 [TestNG-test-Login Module Tests-1] INFO  com.wms.pages.login.LoginPage - Typed '' into By.id: LoginForm_company
17:17:54.416 [TestNG-test-Login Module Tests-1] INFO  com.wms.pages.login.LoginPage - Typed '******' into By.id: LoginForm_username
17:17:54.529 [TestNG-test-Login Module Tests-1] INFO  com.wms.pages.login.LoginPage - Typed '******' into By.id: LoginForm_password
17:17:54.638 [TestNG-test-Login Module Tests-1] INFO  com.wms.pages.login.LoginPage - Clicked By.cssSelector: input[value='Sign me in'] (attempt 1)
]]></system-out>
    <system-err><![CDATA[Jun 18, 2026 5:17:53 PM org.openqa.selenium.devtools.CdpVersionFinder findNearestMatch
WARNING: Unable to find CDP implementation matching 149
Jun 18, 2026 5:17:53 PM org.openqa.selenium.chromium.ChromiumDriver lambda$new$5
WARNING: Unable to find version of CDP to use for 149.0.7827.155. You may need to include a dependency on a specific version of the CDP using something similar to `org.seleniumhq.selenium:selenium-devtools-v86:4.27.0` where the version ("v86") matches the version of the chromium-based browser you're using and the version number of the artifact is the same as Selenium's.
]]></system-err>
  </testcase>
  <testcase name="testEmptyFieldsValidation[ValidCo, , validPass, Username cannot be blank.](5)" classname="com.wms.tests.login.LoginTest" time="0.552">
    <system-out><![CDATA[17:17:54.672 [TestNG-test-Login Module Tests-1] INFO  com.wms.tests.login.LoginTest - Test PASSED: testEmptyFieldsValidation
17:17:54.867 [TestNG-test-Login Module Tests-1] INFO  com.wms.utils.WebDriverFactory - WebDriver quit successfully
17:17:54.870 [TestNG-test-Login Module Tests-1] INFO  com.wms.tests.login.LoginTest - --- Starting test: testEmptyFieldsValidation
17:17:54.870 [TestNG-test-Login Module Tests-1] INFO  com.wms.utils.WebDriverFactory - Creating chrome WebDriver (headless: false)
17:17:56.708 [TestNG-test-Login Module Tests-1] INFO  com.wms.pages.login.LoginPage - Typed '******' into By.id: LoginForm_company
17:17:56.821 [TestNG-test-Login Module Tests-1] INFO  com.wms.pages.login.LoginPage - Typed '' into By.id: LoginForm_username
17:17:56.947 [TestNG-test-Login Module Tests-1] INFO  com.wms.pages.login.LoginPage - Typed '******' into By.id: LoginForm_password
17:17:57.055 [TestNG-test-Login Module Tests-1] INFO  com.wms.pages.login.LoginPage - Clicked By.cssSelector: input[value='Sign me in'] (attempt 1)
]]></system-out>
    <system-err><![CDATA[Jun 18, 2026 5:17:55 PM org.openqa.selenium.devtools.CdpVersionFinder findNearestMatch
WARNING: Unable to find CDP implementation matching 149
Jun 18, 2026 5:17:55 PM org.openqa.selenium.chromium.ChromiumDriver lambda$new$5
WARNING: Unable to find version of CDP to use for 149.0.7827.155. You may need to include a dependency on a specific version of the CDP using something similar to `org.seleniumhq.selenium:selenium-devtools-v86:4.27.0` where the version ("v86") matches the version of the chromium-based browser you're using and the version number of the artifact is the same as Selenium's.
]]></system-err>
  </testcase>
  <testcase name="testEmptyFieldsValidation[, , validPass, Account Name cannot be blank.](6)" classname="com.wms.tests.login.LoginTest" time="0.602">
    <system-out><![CDATA[17:17:57.109 [TestNG-test-Login Module Tests-1] INFO  com.wms.tests.login.LoginTest - Test PASSED: testEmptyFieldsValidation
17:17:57.349 [TestNG-test-Login Module Tests-1] INFO  com.wms.utils.WebDriverFactory - WebDriver quit successfully
17:17:57.354 [TestNG-test-Login Module Tests-1] INFO  com.wms.tests.login.LoginTest - --- Starting test: testEmptyFieldsValidation
17:17:57.355 [TestNG-test-Login Module Tests-1] INFO  com.wms.utils.WebDriverFactory - Creating chrome WebDriver (headless: false)
17:17:59.263 [TestNG-test-Login Module Tests-1] INFO  com.wms.pages.login.LoginPage - Typed '' into By.id: LoginForm_company
17:17:59.377 [TestNG-test-Login Module Tests-1] INFO  com.wms.pages.login.LoginPage - Typed '' into By.id: LoginForm_username
17:17:59.551 [TestNG-test-Login Module Tests-1] INFO  com.wms.pages.login.LoginPage - Typed '******' into By.id: LoginForm_password
17:17:59.683 [TestNG-test-Login Module Tests-1] INFO  com.wms.pages.login.LoginPage - Clicked By.cssSelector: input[value='Sign me in'] (attempt 1)
]]></system-out>
    <system-err><![CDATA[Jun 18, 2026 5:17:58 PM org.openqa.selenium.devtools.CdpVersionFinder findNearestMatch
WARNING: Unable to find CDP implementation matching 149
Jun 18, 2026 5:17:58 PM org.openqa.selenium.chromium.ChromiumDriver lambda$new$5
WARNING: Unable to find version of CDP to use for 149.0.7827.155. You may need to include a dependency on a specific version of the CDP using something similar to `org.seleniumhq.selenium:selenium-devtools-v86:4.27.0` where the version ("v86") matches the version of the chromium-based browser you're using and the version number of the artifact is the same as Selenium's.
]]></system-err>
  </testcase>
  <testcase name="testEmptyFieldsValidation[BadCo, badUser, badPass, null](7)" classname="com.wms.tests.login.LoginTest" time="1.103">
    <system-out><![CDATA[17:17:59.716 [TestNG-test-Login Module Tests-1] INFO  com.wms.tests.login.LoginTest - Test PASSED: testEmptyFieldsValidation
17:17:59.941 [TestNG-test-Login Module Tests-1] INFO  com.wms.utils.WebDriverFactory - WebDriver quit successfully
17:17:59.945 [TestNG-test-Login Module Tests-1] INFO  com.wms.tests.login.LoginTest - --- Starting test: testEmptyFieldsValidation
17:17:59.945 [TestNG-test-Login Module Tests-1] INFO  com.wms.utils.WebDriverFactory - Creating chrome WebDriver (headless: false)
17:18:01.789 [TestNG-test-Login Module Tests-1] INFO  com.wms.pages.login.LoginPage - Typed '******' into By.id: LoginForm_company
17:18:01.893 [TestNG-test-Login Module Tests-1] INFO  com.wms.pages.login.LoginPage - Typed '******' into By.id: LoginForm_username
17:18:02.034 [TestNG-test-Login Module Tests-1] INFO  com.wms.pages.login.LoginPage - Typed '******' into By.id: LoginForm_password
17:18:02.157 [TestNG-test-Login Module Tests-1] INFO  com.wms.pages.login.LoginPage - Clicked By.cssSelector: input[value='Sign me in'] (attempt 1)
]]></system-out>
    <system-err><![CDATA[Jun 18, 2026 5:18:00 PM org.openqa.selenium.devtools.CdpVersionFinder findNearestMatch
WARNING: Unable to find CDP implementation matching 149
Jun 18, 2026 5:18:00 PM org.openqa.selenium.chromium.ChromiumDriver lambda$new$5
WARNING: Unable to find version of CDP to use for 149.0.7827.155. You may need to include a dependency on a specific version of the CDP using something similar to `org.seleniumhq.selenium:selenium-devtools-v86:4.27.0` where the version ("v86") matches the version of the chromium-based browser you're using and the version number of the artifact is the same as Selenium's.
]]></system-err>
  </testcase>
</testsuite>