<?xml version="1.0" encoding="UTF-8"?>
<!-- Generated by org.testng.reporters.JUnitReportReporter -->
<testsuite hostname="LT-QA-MLBRIONES" failures="2" tests="12" name="com.wms.tests.login.LoginTest" time="58.452" errors="0" timestamp="2026-06-18T17:18:02 PST" skipped="0">
  <testcase classname="com.wms.tests.login.LoginTest" name="testInvalidUsername" time="4.992"/>
  <testcase classname="com.wms.tests.login.LoginTest" name="testEmptyFieldsValidation" time="3.625"/>
  <testcase classname="com.wms.tests.login.LoginTest" name="testEmptyFieldsValidation" time="9.089"/>
  <testcase classname="com.wms.tests.login.LoginTest" name="testEmptyFieldsValidation" time="2.507"/>
  <testcase classname="com.wms.tests.login.LoginTest" name="testEmptyFieldsValidation" time="3.977"/>
  <testcase classname="com.wms.tests.login.LoginTest" name="testEmptyFieldsValidation" time="3.531"/>
  <testcase classname="com.wms.tests.login.LoginTest" name="testSuccessfulLoginRedirect" time="3.063">
    <failure message="[Should redirect away from login on success] 
Expecting value to be true but was false" type="java.lang.AssertionError">
      <![CDATA[java.lang.AssertionError: [Should redirect away from login on success] 
Expecting value to be true but was false
at com.wms.tests.login.LoginTest.testSuccessfulLoginRedirect(LoginTest.java:131)
at java.base/jdk.internal.reflect.DirectMethodHandleAccessor.invoke(DirectMethodHandleAccessor.java:104)
at java.base/java.lang.reflect.Method.invoke(Method.java:565)
at org.testng.internal.invokers.MethodInvocationHelper.invokeMethod(MethodInvocationHelper.java:141)
at org.testng.internal.invokers.TestInvoker.invokeMethod(TestInvoker.java:686)
at org.testng.internal.invokers.TestInvoker.invokeTestMethod(TestInvoker.java:230)
at org.testng.internal.invokers.MethodRunner.runInSequence(MethodRunner.java:63)
at org.testng.internal.invokers.TestInvoker$MethodInvocationAgent.invoke(TestInvoker.java:992)
at org.testng.internal.invokers.TestInvoker.invokeTestMethods(TestInvoker.java:203)
at org.testng.internal.invokers.TestMethodWorker.invokeTestMethods(TestMethodWorker.java:154)
at org.testng.internal.invokers.TestMethodWorker.run(TestMethodWorker.java:134)
at java.base/java.util.concurrent.Executors$RunnableAdapter.call(Executors.java:545)
at java.base/java.util.concurrent.FutureTask.run(FutureTask.java:330)
at org.testng.internal.thread.graph.TestNGFutureTask.run(TestNGFutureTask.java:22)
at java.base/java.util.concurrent.ThreadPoolExecutor.runWorker(ThreadPoolExecutor.java:1090)
at java.base/java.util.concurrent.ThreadPoolExecutor$Worker.run(ThreadPoolExecutor.java:614)
at java.base/java.lang.Thread.run(Thread.java:1516)
]]>
    </failure>
  </testcase> <!-- testSuccessfulLoginRedirect -->
  <testcase classname="com.wms.tests.login.LoginTest" name="testSuccessfulLogin" time="8.622">
    <failure message="[Should redirect away from login page on success] 
Expecting value to be true but was false" type="java.lang.AssertionError">
      <![CDATA[java.lang.AssertionError: [Should redirect away from login page on success] 
Expecting value to be true but was false
at com.wms.tests.login.LoginTest.testSuccessfulLogin(LoginTest.java:56)
at java.base/jdk.internal.reflect.DirectMethodHandleAccessor.invoke(DirectMethodHandleAccessor.java:104)
at java.base/java.lang.reflect.Method.invoke(Method.java:565)
at org.testng.internal.invokers.MethodInvocationHelper.invokeMethod(MethodInvocationHelper.java:141)
at org.testng.internal.invokers.TestInvoker.invokeMethod(TestInvoker.java:686)
at org.testng.internal.invokers.TestInvoker.invokeTestMethod(TestInvoker.java:230)
at org.testng.internal.invokers.MethodRunner.runInSequence(MethodRunner.java:63)
at org.testng.internal.invokers.TestInvoker$MethodInvocationAgent.invoke(TestInvoker.java:992)
at org.testng.internal.invokers.TestInvoker.invokeTestMethods(TestInvoker.java:203)
at org.testng.internal.invokers.TestMethodWorker.invokeTestMethods(TestMethodWorker.java:154)
at org.testng.internal.invokers.TestMethodWorker.run(TestMethodWorker.java:134)
at java.base/java.util.concurrent.Executors$RunnableAdapter.call(Executors.java:545)
at java.base/java.util.concurrent.FutureTask.run(FutureTask.java:330)
at org.testng.internal.thread.graph.TestNGFutureTask.run(TestNGFutureTask.java:22)
at java.base/java.util.concurrent.ThreadPoolExecutor.runWorker(ThreadPoolExecutor.java:1090)
at java.base/java.util.concurrent.ThreadPoolExecutor$Worker.run(ThreadPoolExecutor.java:614)
at java.base/java.lang.Thread.run(Thread.java:1516)
]]>
    </failure>
  </testcase> <!-- testSuccessfulLogin -->
  <testcase classname="com.wms.tests.login.LoginTest" name="testEmptyFieldsValidation" time="1.930"/>
  <testcase classname="com.wms.tests.login.LoginTest" name="testEmptyFieldsValidation" time="3.988"/>
  <testcase classname="com.wms.tests.login.LoginTest" name="testInvalidPassword" time="9.109"/>
  <testcase classname="com.wms.tests.login.LoginTest" name="testLoginPageLoads" time="4.019"/>
</testsuite> <!-- com.wms.tests.login.LoginTest -->
